\BOOKMARK [0][-]{chapter.1}{\376\377\000M\000y\000S\000Q\000L\000\040\000C\000o\000n\000n\000e\000c\000t\000i\000v\000i\000t\000y\000\040\000w\000i\000t\000h\000\040\000C\000+\000+}{}% 1
\BOOKMARK [0][-]{chapter.2}{\376\377\000M\000y\000S\000Q\000L\000\040\000w\000i\000t\000h\000\040\000C\000+\000+}{}% 2
\BOOKMARK [0][-]{chapter.3}{\376\377\000C\000l\000a\000s\000s\000\040\000I\000n\000d\000e\000x}{}% 3
\BOOKMARK [1][-]{section.3.1}{\376\377\000C\000l\000a\000s\000s\000\040\000L\000i\000s\000t}{chapter.3}% 4
\BOOKMARK [0][-]{chapter.4}{\376\377\000F\000i\000l\000e\000\040\000I\000n\000d\000e\000x}{}% 5
\BOOKMARK [1][-]{section.4.1}{\376\377\000F\000i\000l\000e\000\040\000L\000i\000s\000t}{chapter.4}% 6
\BOOKMARK [0][-]{chapter.5}{\376\377\000C\000l\000a\000s\000s\000\040\000D\000o\000c\000u\000m\000e\000n\000t\000a\000t\000i\000o\000n}{}% 7
\BOOKMARK [1][-]{section.5.1}{\376\377\000M\000y\000S\000Q\000L\000\040\000C\000l\000a\000s\000s\000\040\000R\000e\000f\000e\000r\000e\000n\000c\000e}{chapter.5}% 8
\BOOKMARK [2][-]{subsection.5.1.1}{\376\377\000D\000e\000t\000a\000i\000l\000e\000d\000\040\000D\000e\000s\000c\000r\000i\000p\000t\000i\000o\000n}{section.5.1}% 9
\BOOKMARK [2][-]{subsection.5.1.2}{\376\377\000C\000o\000n\000s\000t\000r\000u\000c\000t\000o\000r\000\040\000\046\000\040\000D\000e\000s\000t\000r\000u\000c\000t\000o\000r\000\040\000D\000o\000c\000u\000m\000e\000n\000t\000a\000t\000i\000o\000n}{section.5.1}% 10
\BOOKMARK [3][-]{subsubsection.5.1.2.1}{\376\377\000M\000y\000S\000Q\000L}{subsection.5.1.2}% 11
\BOOKMARK [3][-]{subsubsection.5.1.2.2}{\376\377\000M\000y\000S\000Q\000L}{subsection.5.1.2}% 12
\BOOKMARK [2][-]{subsection.5.1.3}{\376\377\000M\000e\000m\000b\000e\000r\000\040\000F\000u\000n\000c\000t\000i\000o\000n\000\040\000D\000o\000c\000u\000m\000e\000n\000t\000a\000t\000i\000o\000n}{section.5.1}% 13
\BOOKMARK [3][-]{subsubsection.5.1.3.1}{\376\377\000S\000h\000o\000w\000T\000a\000b\000l\000e\000s}{subsection.5.1.3}% 14
\BOOKMARK [2][-]{subsection.5.1.4}{\376\377\000M\000e\000m\000b\000e\000r\000\040\000D\000a\000t\000a\000\040\000D\000o\000c\000u\000m\000e\000n\000t\000a\000t\000i\000o\000n}{section.5.1}% 15
\BOOKMARK [3][-]{subsubsection.5.1.4.1}{\376\377\000c\000o\000n\000n\000e\000c\000t}{subsection.5.1.4}% 16
\BOOKMARK [3][-]{subsubsection.5.1.4.2}{\376\377\000i}{subsection.5.1.4}% 17
\BOOKMARK [3][-]{subsubsection.5.1.4.3}{\376\377\000r\000e\000s\000\137\000s\000e\000t}{subsection.5.1.4}% 18
\BOOKMARK [3][-]{subsubsection.5.1.4.4}{\376\377\000r\000o\000w}{subsection.5.1.4}% 19
\BOOKMARK [0][-]{chapter.6}{\376\377\000F\000i\000l\000e\000\040\000D\000o\000c\000u\000m\000e\000n\000t\000a\000t\000i\000o\000n}{}% 20
\BOOKMARK [1][-]{section.6.1}{\376\377\000d\000a\000t\000a\000b\000a\000s\000e\000-\000d\000e\000t\000a\000i\000l\000.\000h\000\040\000F\000i\000l\000e\000\040\000R\000e\000f\000e\000r\000e\000n\000c\000e}{chapter.6}% 21
\BOOKMARK [2][-]{subsection.6.1.1}{\376\377\000M\000a\000c\000r\000o\000\040\000D\000e\000f\000i\000n\000i\000t\000i\000o\000n\000\040\000D\000o\000c\000u\000m\000e\000n\000t\000a\000t\000i\000o\000n}{section.6.1}% 22
\BOOKMARK [3][-]{subsubsection.6.1.1.1}{\376\377\000D\000A\000T\000A\000B\000A\000S\000E}{subsection.6.1.1}% 23
\BOOKMARK [3][-]{subsubsection.6.1.1.2}{\376\377\000P\000A\000S\000S\000W\000O\000R\000D}{subsection.6.1.1}% 24
\BOOKMARK [3][-]{subsubsection.6.1.1.3}{\376\377\000S\000E\000R\000V\000E\000R}{subsection.6.1.1}% 25
\BOOKMARK [3][-]{subsubsection.6.1.1.4}{\376\377\000U\000S\000E\000R}{subsection.6.1.1}% 26
\BOOKMARK [1][-]{section.6.2}{\376\377\000d\000a\000t\000a\000b\000a\000s\000e\000-\000m\000a\000i\000n\000.\000c\000p\000p\000\040\000F\000i\000l\000e\000\040\000R\000e\000f\000e\000r\000e\000n\000c\000e}{chapter.6}% 27
\BOOKMARK [2][-]{subsection.6.2.1}{\376\377\000F\000u\000n\000c\000t\000i\000o\000n\000\040\000D\000o\000c\000u\000m\000e\000n\000t\000a\000t\000i\000o\000n}{section.6.2}% 28
\BOOKMARK [3][-]{subsubsection.6.2.1.1}{\376\377\000m\000a\000i\000n}{subsection.6.2.1}% 29
\BOOKMARK [1][-]{section.6.3}{\376\377\000d\000a\000t\000a\000b\000a\000s\000e\000.\000c\000c\000\040\000F\000i\000l\000e\000\040\000R\000e\000f\000e\000r\000e\000n\000c\000e}{chapter.6}% 30
\BOOKMARK [1][-]{section.6.4}{\376\377\000d\000a\000t\000a\000b\000a\000s\000e\000.\000h\000\040\000F\000i\000l\000e\000\040\000R\000e\000f\000e\000r\000e\000n\000c\000e}{chapter.6}% 31
\BOOKMARK [1][-]{section.6.5}{\376\377\000h\000e\000a\000d\000e\000r\000.\000h\000\040\000F\000i\000l\000e\000\040\000R\000e\000f\000e\000r\000e\000n\000c\000e}{chapter.6}% 32
\BOOKMARK [1][-]{section.6.6}{\376\377\000R\000E\000A\000D\000M\000E\000.\000m\000d\000\040\000F\000i\000l\000e\000\040\000R\000e\000f\000e\000r\000e\000n\000c\000e}{chapter.6}% 33
